<?xml version="1.0" encoding="UTF-8"?>
<testng-results ignored="0" total="1" passed="1" failed="0" skipped="0">
  <reporter-output>
  </reporter-output>
  <suite started-at="2024-08-14T18:46:55 IST" name="Default suite" finished-at="2024-08-14T18:47:01 IST" duration-ms="5804">
    <groups>
    </groups>
    <test started-at="2024-08-14T18:46:55 IST" name="Default test" finished-at="2024-08-14T18:47:01 IST" duration-ms="5804">
      <class name="vraj.ExtentReports.ExtentReportDemo">
        <test-method signature="initialDemo()[pri:0, instance:vraj.ExtentReports.ExtentReportDemo@1e0b4072]" started-at="2024-08-14T18:46:55 IST" name="initialDemo" finished-at="2024-08-14T18:47:01 IST" duration-ms="5710" status="PASS">
          <reporter-output>
          </reporter-output>
        </test-method> <!-- initialDemo -->
      </class> <!-- vraj.ExtentReports.ExtentReportDemo -->
    </test> <!-- Default test -->
  </suite> <!-- Default suite -->
</testng-results>
